[01:32:54][WARN ](DispatcherServlet.java:1205) - No mapping found for HTTP request with URI [/baraonda/css/style.css] in DispatcherServlet with name 'action'
[01:32:54][WARN ](DispatcherServlet.java:1205) - No mapping found for HTTP request with URI [/baraonda/css/stuck.css] in DispatcherServlet with name 'action'
[01:32:54][WARN ](DispatcherServlet.java:1205) - No mapping found for HTTP request with URI [/baraonda/js/jquery.js] in DispatcherServlet with name 'action'
[01:32:54][WARN ](DispatcherServlet.java:1205) - No mapping found for HTTP request with URI [/baraonda/js/superfish.js] in DispatcherServlet with name 'action'
[01:32:54][WARN ](DispatcherServlet.java:1205) - No mapping found for HTTP request with URI [/baraonda/js/jquery.mobilemenu.js] in DispatcherServlet with name 'action'
[01:32:54][WARN ](DispatcherServlet.java:1205) - No mapping found for HTTP request with URI [/baraonda/js/jquery.equalheights.js] in DispatcherServlet with name 'action'
[01:32:54][WARN ](DispatcherServlet.java:1205) - No mapping found for HTTP request with URI [/baraonda/js/tmStickUp.js] in DispatcherServlet with name 'action'
[01:32:54][WARN ](DispatcherServlet.java:1205) - No mapping found for HTTP request with URI [/baraonda/js/jquery.ui.totop.js] in DispatcherServlet with name 'action'
[01:32:54][WARN ](DispatcherServlet.java:1205) - No mapping found for HTTP request with URI [/baraonda/js/touchTouch.jquery.js] in DispatcherServlet with name 'action'
[01:32:54][WARN ](DispatcherServlet.java:1205) - No mapping found for HTTP request with URI [/baraonda/js/jquery-migrate-1.1.1.js] in DispatcherServlet with name 'action'
[01:32:54][WARN ](DispatcherServlet.java:1205) - No mapping found for HTTP request with URI [/baraonda/js/script.js] in DispatcherServlet with name 'action'
[01:32:54][WARN ](DispatcherServlet.java:1205) - No mapping found for HTTP request with URI [/baraonda/css/touchTouch.css] in DispatcherServlet with name 'action'
[01:32:54][WARN ](DispatcherServlet.java:1205) - No mapping found for HTTP request with URI [/baraonda/js/jquery.easing.1.3.js] in DispatcherServlet with name 'action'
[01:32:54][WARN ](DispatcherServlet.java:1205) - No mapping found for HTTP request with URI [/baraonda/js/jquery-migrate-1.1.1.js] in DispatcherServlet with name 'action'
[01:32:54][WARN ](DispatcherServlet.java:1205) - No mapping found for HTTP request with URI [/baraonda/js/script.js] in DispatcherServlet with name 'action'
[01:32:54][WARN ](DispatcherServlet.java:1205) - No mapping found for HTTP request with URI [/baraonda/js/superfish.js] in DispatcherServlet with name 'action'
[01:32:54][WARN ](DispatcherServlet.java:1205) - No mapping found for HTTP request with URI [/baraonda/js/jquery.equalheights.js] in DispatcherServlet with name 'action'
[01:32:54][WARN ](DispatcherServlet.java:1205) - No mapping found for HTTP request with URI [/baraonda/js/jquery.mobilemenu.js] in DispatcherServlet with name 'action'
[01:32:54][WARN ](DispatcherServlet.java:1205) - No mapping found for HTTP request with URI [/baraonda/js/jquery.easing.1.3.js] in DispatcherServlet with name 'action'
[01:32:54][WARN ](DispatcherServlet.java:1205) - No mapping found for HTTP request with URI [/baraonda/js/tmStickUp.js] in DispatcherServlet with name 'action'
[01:32:54][WARN ](DispatcherServlet.java:1205) - No mapping found for HTTP request with URI [/baraonda/js/jquery.ui.totop.js] in DispatcherServlet with name 'action'
[01:32:54][WARN ](DispatcherServlet.java:1205) - No mapping found for HTTP request with URI [/baraonda/js/touchTouch.jquery.js] in DispatcherServlet with name 'action'
[01:32:58][INFO ](LoginLogging.java:35) - $FriNov02^4^lhw$
[01:32:58][WARN ](DispatcherServlet.java:1205) - No mapping found for HTTP request with URI [/baraonda/css/stuck.css] in DispatcherServlet with name 'action'
[01:32:58][WARN ](DispatcherServlet.java:1205) - No mapping found for HTTP request with URI [/baraonda/css/touchTouch.css] in DispatcherServlet with name 'action'
[01:32:58][WARN ](DispatcherServlet.java:1205) - No mapping found for HTTP request with URI [/baraonda/js/jquery-migrate-1.1.1.js] in DispatcherServlet with name 'action'
[01:32:58][WARN ](DispatcherServlet.java:1205) - No mapping found for HTTP request with URI [/baraonda/css/style.css] in DispatcherServlet with name 'action'
[01:32:58][WARN ](DispatcherServlet.java:1205) - No mapping found for HTTP request with URI [/baraonda/js/script.js] in DispatcherServlet with name 'action'
[01:32:58][WARN ](DispatcherServlet.java:1205) - No mapping found for HTTP request with URI [/baraonda/js/jquery.js] in DispatcherServlet with name 'action'
[01:32:58][WARN ](DispatcherServlet.java:1205) - No mapping found for HTTP request with URI [/baraonda/js/superfish.js] in DispatcherServlet with name 'action'
[01:32:58][WARN ](DispatcherServlet.java:1205) - No mapping found for HTTP request with URI [/baraonda/js/jquery.equalheights.js] in DispatcherServlet with name 'action'
[01:32:58][WARN ](DispatcherServlet.java:1205) - No mapping found for HTTP request with URI [/baraonda/js/jquery.mobilemenu.js] in DispatcherServlet with name 'action'
[01:32:58][WARN ](DispatcherServlet.java:1205) - No mapping found for HTTP request with URI [/baraonda/js/tmStickUp.js] in DispatcherServlet with name 'action'
[01:32:58][WARN ](DispatcherServlet.java:1205) - No mapping found for HTTP request with URI [/baraonda/js/touchTouch.jquery.js] in DispatcherServlet with name 'action'
[01:32:58][WARN ](DispatcherServlet.java:1205) - No mapping found for HTTP request with URI [/baraonda/js/jquery.easing.1.3.js] in DispatcherServlet with name 'action'
[01:32:58][WARN ](DispatcherServlet.java:1205) - No mapping found for HTTP request with URI [/baraonda/js/jquery.ui.totop.js] in DispatcherServlet with name 'action'
[01:32:58][WARN ](DispatcherServlet.java:1205) - No mapping found for HTTP request with URI [/baraonda/js/jquery-migrate-1.1.1.js] in DispatcherServlet with name 'action'
[01:32:58][WARN ](DispatcherServlet.java:1205) - No mapping found for HTTP request with URI [/baraonda/js/script.js] in DispatcherServlet with name 'action'
[01:32:58][WARN ](DispatcherServlet.java:1205) - No mapping found for HTTP request with URI [/baraonda/js/superfish.js] in DispatcherServlet with name 'action'
[01:32:58][WARN ](DispatcherServlet.java:1205) - No mapping found for HTTP request with URI [/baraonda/js/jquery.equalheights.js] in DispatcherServlet with name 'action'
[01:32:58][WARN ](DispatcherServlet.java:1205) - No mapping found for HTTP request with URI [/baraonda/js/jquery.mobilemenu.js] in DispatcherServlet with name 'action'
[01:32:58][WARN ](DispatcherServlet.java:1205) - No mapping found for HTTP request with URI [/baraonda/js/jquery.easing.1.3.js] in DispatcherServlet with name 'action'
[01:32:58][WARN ](DispatcherServlet.java:1205) - No mapping found for HTTP request with URI [/baraonda/js/tmStickUp.js] in DispatcherServlet with name 'action'
[01:32:58][WARN ](DispatcherServlet.java:1205) - No mapping found for HTTP request with URI [/baraonda/js/jquery.ui.totop.js] in DispatcherServlet with name 'action'
[01:32:58][WARN ](DispatcherServlet.java:1205) - No mapping found for HTTP request with URI [/baraonda/js/touchTouch.jquery.js] in DispatcherServlet with name 'action'
[01:46:01][WARN ](DispatcherServlet.java:1205) - No mapping found for HTTP request with URI [/baraonda/js/jquery.js] in DispatcherServlet with name 'action'
[01:46:01][WARN ](DispatcherServlet.java:1205) - No mapping found for HTTP request with URI [/baraonda/css/style.css] in DispatcherServlet with name 'action'
[01:46:01][WARN ](DispatcherServlet.java:1205) - No mapping found for HTTP request with URI [/baraonda/css/touchTouch.css] in DispatcherServlet with name 'action'
[01:46:01][WARN ](DispatcherServlet.java:1205) - No mapping found for HTTP request with URI [/baraonda/css/stuck.css] in DispatcherServlet with name 'action'
[01:46:01][WARN ](DispatcherServlet.java:1205) - No mapping found for HTTP request with URI [/baraonda/js/jquery-migrate-1.1.1.js] in DispatcherServlet with name 'action'
[01:46:01][WARN ](DispatcherServlet.java:1205) - No mapping found for HTTP request with URI [/baraonda/js/superfish.js] in DispatcherServlet with name 'action'
[01:46:01][WARN ](DispatcherServlet.java:1205) - No mapping found for HTTP request with URI [/baraonda/js/jquery.mobilemenu.js] in DispatcherServlet with name 'action'
[01:46:01][WARN ](DispatcherServlet.java:1205) - No mapping found for HTTP request with URI [/baraonda/js/jquery.ui.totop.js] in DispatcherServlet with name 'action'
[01:46:01][WARN ](DispatcherServlet.java:1205) - No mapping found for HTTP request with URI [/baraonda/js/touchTouch.jquery.js] in DispatcherServlet with name 'action'
[01:46:01][WARN ](DispatcherServlet.java:1205) - No mapping found for HTTP request with URI [/baraonda/js/tmStickUp.js] in DispatcherServlet with name 'action'
[01:46:01][WARN ](DispatcherServlet.java:1205) - No mapping found for HTTP request with URI [/baraonda/js/jquery-migrate-1.1.1.js] in DispatcherServlet with name 'action'
[01:46:01][WARN ](DispatcherServlet.java:1205) - No mapping found for HTTP request with URI [/baraonda/js/script.js] in DispatcherServlet with name 'action'
[01:46:01][WARN ](DispatcherServlet.java:1205) - No mapping found for HTTP request with URI [/baraonda/js/jquery.easing.1.3.js] in DispatcherServlet with name 'action'
[01:46:01][WARN ](DispatcherServlet.java:1205) - No mapping found for HTTP request with URI [/baraonda/js/superfish.js] in DispatcherServlet with name 'action'
[01:46:01][WARN ](DispatcherServlet.java:1205) - No mapping found for HTTP request with URI [/baraonda/js/jquery.equalheights.js] in DispatcherServlet with name 'action'
[01:46:01][WARN ](DispatcherServlet.java:1205) - No mapping found for HTTP request with URI [/baraonda/js/jquery.mobilemenu.js] in DispatcherServlet with name 'action'
[01:46:01][WARN ](DispatcherServlet.java:1205) - No mapping found for HTTP request with URI [/baraonda/js/jquery.easing.1.3.js] in DispatcherServlet with name 'action'
[01:46:01][WARN ](DispatcherServlet.java:1205) - No mapping found for HTTP request with URI [/baraonda/js/tmStickUp.js] in DispatcherServlet with name 'action'
[01:46:01][WARN ](DispatcherServlet.java:1205) - No mapping found for HTTP request with URI [/baraonda/js/jquery.ui.totop.js] in DispatcherServlet with name 'action'
[01:46:01][WARN ](DispatcherServlet.java:1205) - No mapping found for HTTP request with URI [/baraonda/js/touchTouch.jquery.js] in DispatcherServlet with name 'action'
[05:16:35][WARN ](DispatcherServlet.java:1205) - No mapping found for HTTP request with URI [/baraonda/css/stuck.css] in DispatcherServlet with name 'action'
[05:16:36][WARN ](DispatcherServlet.java:1205) - No mapping found for HTTP request with URI [/baraonda/js/jquery-migrate-1.1.1.js] in DispatcherServlet with name 'action'
[05:16:36][WARN ](DispatcherServlet.java:1205) - No mapping found for HTTP request with URI [/baraonda/js/jquery.js] in DispatcherServlet with name 'action'
[05:16:35][WARN ](DispatcherServlet.java:1205) - No mapping found for HTTP request with URI [/baraonda/css/touchTouch.css] in DispatcherServlet with name 'action'
[05:16:35][WARN ](DispatcherServlet.java:1205) - No mapping found for HTTP request with URI [/baraonda/css/style.css] in DispatcherServlet with name 'action'
[05:16:36][WARN ](DispatcherServlet.java:1205) - No mapping found for HTTP request with URI [/baraonda/js/script.js] in DispatcherServlet with name 'action'
[05:16:36][WARN ](DispatcherServlet.java:1205) - No mapping found for HTTP request with URI [/baraonda/js/superfish.js] in DispatcherServlet with name 'action'
[05:16:36][WARN ](DispatcherServlet.java:1205) - No mapping found for HTTP request with URI [/baraonda/js/jquery.mobilemenu.js] in DispatcherServlet with name 'action'
[05:16:36][WARN ](DispatcherServlet.java:1205) - No mapping found for HTTP request with URI [/baraonda/js/jquery.ui.totop.js] in DispatcherServlet with name 'action'
[05:16:36][WARN ](DispatcherServlet.java:1205) - No mapping found for HTTP request with URI [/baraonda/js/jquery.easing.1.3.js] in DispatcherServlet with name 'action'
[05:16:36][WARN ](DispatcherServlet.java:1205) - No mapping found for HTTP request with URI [/baraonda/js/jquery.equalheights.js] in DispatcherServlet with name 'action'
[05:16:36][WARN ](DispatcherServlet.java:1205) - No mapping found for HTTP request with URI [/baraonda/js/touchTouch.jquery.js] in DispatcherServlet with name 'action'
[05:16:36][WARN ](DispatcherServlet.java:1205) - No mapping found for HTTP request with URI [/baraonda/js/jquery-migrate-1.1.1.js] in DispatcherServlet with name 'action'
[05:16:36][WARN ](DispatcherServlet.java:1205) - No mapping found for HTTP request with URI [/baraonda/js/tmStickUp.js] in DispatcherServlet with name 'action'
[05:16:36][WARN ](DispatcherServlet.java:1205) - No mapping found for HTTP request with URI [/baraonda/js/script.js] in DispatcherServlet with name 'action'
[05:16:36][WARN ](DispatcherServlet.java:1205) - No mapping found for HTTP request with URI [/baraonda/js/superfish.js] in DispatcherServlet with name 'action'
[05:16:36][WARN ](DispatcherServlet.java:1205) - No mapping found for HTTP request with URI [/baraonda/js/jquery.equalheights.js] in DispatcherServlet with name 'action'
[05:16:36][WARN ](DispatcherServlet.java:1205) - No mapping found for HTTP request with URI [/baraonda/js/jquery.mobilemenu.js] in DispatcherServlet with name 'action'
[05:16:36][WARN ](DispatcherServlet.java:1205) - No mapping found for HTTP request with URI [/baraonda/js/jquery.easing.1.3.js] in DispatcherServlet with name 'action'
[05:16:36][WARN ](DispatcherServlet.java:1205) - No mapping found for HTTP request with URI [/baraonda/js/tmStickUp.js] in DispatcherServlet with name 'action'
[05:16:36][WARN ](DispatcherServlet.java:1205) - No mapping found for HTTP request with URI [/baraonda/js/jquery.ui.totop.js] in DispatcherServlet with name 'action'
[05:16:36][WARN ](DispatcherServlet.java:1205) - No mapping found for HTTP request with URI [/baraonda/js/touchTouch.jquery.js] in DispatcherServlet with name 'action'
[05:16:45][INFO ](LoginLogging.java:35) - $FriNov02^4^lhw$
[05:16:45][WARN ](DispatcherServlet.java:1205) - No mapping found for HTTP request with URI [/baraonda/css/touchTouch.css] in DispatcherServlet with name 'action'
[05:16:45][WARN ](DispatcherServlet.java:1205) - No mapping found for HTTP request with URI [/baraonda/css/style.css] in DispatcherServlet with name 'action'
[05:16:45][WARN ](DispatcherServlet.java:1205) - No mapping found for HTTP request with URI [/baraonda/js/superfish.js] in DispatcherServlet with name 'action'
[05:16:45][WARN ](DispatcherServlet.java:1205) - No mapping found for HTTP request with URI [/baraonda/css/stuck.css] in DispatcherServlet with name 'action'
[05:16:45][WARN ](DispatcherServlet.java:1205) - No mapping found for HTTP request with URI [/baraonda/js/script.js] in DispatcherServlet with name 'action'
[05:16:45][WARN ](DispatcherServlet.java:1205) - No mapping found for HTTP request with URI [/baraonda/js/jquery.js] in DispatcherServlet with name 'action'
[05:16:45][WARN ](DispatcherServlet.java:1205) - No mapping found for HTTP request with URI [/baraonda/js/jquery-migrate-1.1.1.js] in DispatcherServlet with name 'action'
[05:16:45][WARN ](DispatcherServlet.java:1205) - No mapping found for HTTP request with URI [/baraonda/js/jquery.equalheights.js] in DispatcherServlet with name 'action'
[05:16:45][WARN ](DispatcherServlet.java:1205) - No mapping found for HTTP request with URI [/baraonda/js/jquery.mobilemenu.js] in DispatcherServlet with name 'action'
[05:16:45][WARN ](DispatcherServlet.java:1205) - No mapping found for HTTP request with URI [/baraonda/js/jquery.easing.1.3.js] in DispatcherServlet with name 'action'
[05:16:45][WARN ](DispatcherServlet.java:1205) - No mapping found for HTTP request with URI [/baraonda/js/tmStickUp.js] in DispatcherServlet with name 'action'
[05:16:45][WARN ](DispatcherServlet.java:1205) - No mapping found for HTTP request with URI [/baraonda/js/jquery.ui.totop.js] in DispatcherServlet with name 'action'
[05:16:45][WARN ](DispatcherServlet.java:1205) - No mapping found for HTTP request with URI [/baraonda/js/touchTouch.jquery.js] in DispatcherServlet with name 'action'
[05:16:45][WARN ](DispatcherServlet.java:1205) - No mapping found for HTTP request with URI [/baraonda/js/jquery-migrate-1.1.1.js] in DispatcherServlet with name 'action'
[05:16:45][WARN ](DispatcherServlet.java:1205) - No mapping found for HTTP request with URI [/baraonda/js/script.js] in DispatcherServlet with name 'action'
[05:16:45][WARN ](DispatcherServlet.java:1205) - No mapping found for HTTP request with URI [/baraonda/js/superfish.js] in DispatcherServlet with name 'action'
[05:16:45][WARN ](DispatcherServlet.java:1205) - No mapping found for HTTP request with URI [/baraonda/js/jquery.equalheights.js] in DispatcherServlet with name 'action'
[05:16:45][WARN ](DispatcherServlet.java:1205) - No mapping found for HTTP request with URI [/baraonda/js/jquery.mobilemenu.js] in DispatcherServlet with name 'action'
[05:16:45][WARN ](DispatcherServlet.java:1205) - No mapping found for HTTP request with URI [/baraonda/js/jquery.easing.1.3.js] in DispatcherServlet with name 'action'
[05:16:45][WARN ](DispatcherServlet.java:1205) - No mapping found for HTTP request with URI [/baraonda/js/tmStickUp.js] in DispatcherServlet with name 'action'
[05:16:45][WARN ](DispatcherServlet.java:1205) - No mapping found for HTTP request with URI [/baraonda/js/jquery.ui.totop.js] in DispatcherServlet with name 'action'
[05:16:45][WARN ](DispatcherServlet.java:1205) - No mapping found for HTTP request with URI [/baraonda/js/touchTouch.jquery.js] in DispatcherServlet with name 'action'
[05:25:01][WARN ](DispatcherServlet.java:1205) - No mapping found for HTTP request with URI [/baraonda/css/style.css] in DispatcherServlet with name 'action'
[05:25:01][WARN ](DispatcherServlet.java:1205) - No mapping found for HTTP request with URI [/baraonda/js/jquery-migrate-1.1.1.js] in DispatcherServlet with name 'action'
[05:25:01][WARN ](DispatcherServlet.java:1205) - No mapping found for HTTP request with URI [/baraonda/js/jquery.js] in DispatcherServlet with name 'action'
[05:25:01][WARN ](DispatcherServlet.java:1205) - No mapping found for HTTP request with URI [/baraonda/css/touchTouch.css] in DispatcherServlet with name 'action'
[05:25:01][WARN ](DispatcherServlet.java:1205) - No mapping found for HTTP request with URI [/baraonda/css/stuck.css] in DispatcherServlet with name 'action'
[05:25:01][WARN ](DispatcherServlet.java:1205) - No mapping found for HTTP request with URI [/baraonda/js/script.js] in DispatcherServlet with name 'action'
[05:25:01][WARN ](DispatcherServlet.java:1205) - No mapping found for HTTP request with URI [/baraonda/js/superfish.js] in DispatcherServlet with name 'action'
[05:25:01][WARN ](DispatcherServlet.java:1205) - No mapping found for HTTP request with URI [/baraonda/js/jquery.equalheights.js] in DispatcherServlet with name 'action'
[05:25:01][WARN ](DispatcherServlet.java:1205) - No mapping found for HTTP request with URI [/baraonda/js/jquery.mobilemenu.js] in DispatcherServlet with name 'action'
[05:25:01][WARN ](DispatcherServlet.java:1205) - No mapping found for HTTP request with URI [/baraonda/js/jquery.easing.1.3.js] in DispatcherServlet with name 'action'
[05:25:01][WARN ](DispatcherServlet.java:1205) - No mapping found for HTTP request with URI [/baraonda/js/tmStickUp.js] in DispatcherServlet with name 'action'
[05:25:01][WARN ](DispatcherServlet.java:1205) - No mapping found for HTTP request with URI [/baraonda/js/touchTouch.jquery.js] in DispatcherServlet with name 'action'
[05:25:01][WARN ](DispatcherServlet.java:1205) - No mapping found for HTTP request with URI [/baraonda/js/jquery-migrate-1.1.1.js] in DispatcherServlet with name 'action'
[05:25:01][WARN ](DispatcherServlet.java:1205) - No mapping found for HTTP request with URI [/baraonda/js/jquery.ui.totop.js] in DispatcherServlet with name 'action'
[05:25:01][WARN ](DispatcherServlet.java:1205) - No mapping found for HTTP request with URI [/baraonda/js/script.js] in DispatcherServlet with name 'action'
[05:25:01][WARN ](DispatcherServlet.java:1205) - No mapping found for HTTP request with URI [/baraonda/js/superfish.js] in DispatcherServlet with name 'action'
[05:25:01][WARN ](DispatcherServlet.java:1205) - No mapping found for HTTP request with URI [/baraonda/js/jquery.equalheights.js] in DispatcherServlet with name 'action'
[05:25:01][WARN ](DispatcherServlet.java:1205) - No mapping found for HTTP request with URI [/baraonda/js/jquery.mobilemenu.js] in DispatcherServlet with name 'action'
[05:25:01][WARN ](DispatcherServlet.java:1205) - No mapping found for HTTP request with URI [/baraonda/js/jquery.easing.1.3.js] in DispatcherServlet with name 'action'
[05:25:01][WARN ](DispatcherServlet.java:1205) - No mapping found for HTTP request with URI [/baraonda/js/tmStickUp.js] in DispatcherServlet with name 'action'
[05:25:01][WARN ](DispatcherServlet.java:1205) - No mapping found for HTTP request with URI [/baraonda/js/jquery.ui.totop.js] in DispatcherServlet with name 'action'
[05:25:01][WARN ](DispatcherServlet.java:1205) - No mapping found for HTTP request with URI [/baraonda/js/touchTouch.jquery.js] in DispatcherServlet with name 'action'
[05:25:08][INFO ](LoginLogging.java:35) - $FriNov02^4^lhw$
[05:25:08][WARN ](DispatcherServlet.java:1205) - No mapping found for HTTP request with URI [/baraonda/css/stuck.css] in DispatcherServlet with name 'action'
[05:25:09][WARN ](DispatcherServlet.java:1205) - No mapping found for HTTP request with URI [/baraonda/css/style.css] in DispatcherServlet with name 'action'
[05:25:09][WARN ](DispatcherServlet.java:1205) - No mapping found for HTTP request with URI [/baraonda/css/touchTouch.css] in DispatcherServlet with name 'action'
[05:25:09][WARN ](DispatcherServlet.java:1205) - No mapping found for HTTP request with URI [/baraonda/js/jquery.equalheights.js] in DispatcherServlet with name 'action'
[05:25:09][WARN ](DispatcherServlet.java:1205) - No mapping found for HTTP request with URI [/baraonda/js/jquery.js] in DispatcherServlet with name 'action'
[05:25:09][WARN ](DispatcherServlet.java:1205) - No mapping found for HTTP request with URI [/baraonda/js/jquery-migrate-1.1.1.js] in DispatcherServlet with name 'action'
[05:25:09][WARN ](DispatcherServlet.java:1205) - No mapping found for HTTP request with URI [/baraonda/js/superfish.js] in DispatcherServlet with name 'action'
[05:25:09][WARN ](DispatcherServlet.java:1205) - No mapping found for HTTP request with URI [/baraonda/js/script.js] in DispatcherServlet with name 'action'
[05:25:09][WARN ](DispatcherServlet.java:1205) - No mapping found for HTTP request with URI [/baraonda/js/jquery.easing.1.3.js] in DispatcherServlet with name 'action'
[05:25:09][WARN ](DispatcherServlet.java:1205) - No mapping found for HTTP request with URI [/baraonda/js/tmStickUp.js] in DispatcherServlet with name 'action'
[05:25:09][WARN ](DispatcherServlet.java:1205) - No mapping found for HTTP request with URI [/baraonda/js/jquery.ui.totop.js] in DispatcherServlet with name 'action'
[05:25:09][WARN ](DispatcherServlet.java:1205) - No mapping found for HTTP request with URI [/baraonda/js/jquery.mobilemenu.js] in DispatcherServlet with name 'action'
[05:25:09][WARN ](DispatcherServlet.java:1205) - No mapping found for HTTP request with URI [/baraonda/js/touchTouch.jquery.js] in DispatcherServlet with name 'action'
[05:25:09][WARN ](DispatcherServlet.java:1205) - No mapping found for HTTP request with URI [/baraonda/js/jquery.equalheights.js] in DispatcherServlet with name 'action'
[05:25:09][WARN ](DispatcherServlet.java:1205) - No mapping found for HTTP request with URI [/baraonda/js/jquery.mobilemenu.js] in DispatcherServlet with name 'action'
[05:25:09][WARN ](DispatcherServlet.java:1205) - No mapping found for HTTP request with URI [/baraonda/js/jquery.easing.1.3.js] in DispatcherServlet with name 'action'
[05:25:09][WARN ](DispatcherServlet.java:1205) - No mapping found for HTTP request with URI [/baraonda/js/tmStickUp.js] in DispatcherServlet with name 'action'
[05:25:09][WARN ](DispatcherServlet.java:1205) - No mapping found for HTTP request with URI [/baraonda/js/jquery.ui.totop.js] in DispatcherServlet with name 'action'
[05:25:09][WARN ](DispatcherServlet.java:1205) - No mapping found for HTTP request with URI [/baraonda/js/touchTouch.jquery.js] in DispatcherServlet with name 'action'
[06:16:31][WARN ](DispatcherServlet.java:1205) - No mapping found for HTTP request with URI [/baraonda/css/stuck.css] in DispatcherServlet with name 'action'
[06:16:31][WARN ](DispatcherServlet.java:1205) - No mapping found for HTTP request with URI [/baraonda/css/style.css] in DispatcherServlet with name 'action'
[06:16:32][WARN ](DispatcherServlet.java:1205) - No mapping found for HTTP request with URI [/baraonda/css/touchTouch.css] in DispatcherServlet with name 'action'
[06:16:32][WARN ](DispatcherServlet.java:1205) - No mapping found for HTTP request with URI [/baraonda/js/jquery.js] in DispatcherServlet with name 'action'
[06:16:32][WARN ](DispatcherServlet.java:1205) - No mapping found for HTTP request with URI [/baraonda/js/script.js] in DispatcherServlet with name 'action'
[06:16:32][WARN ](DispatcherServlet.java:1205) - No mapping found for HTTP request with URI [/baraonda/js/jquery.equalheights.js] in DispatcherServlet with name 'action'
[06:16:32][WARN ](DispatcherServlet.java:1205) - No mapping found for HTTP request with URI [/baraonda/js/jquery.mobilemenu.js] in DispatcherServlet with name 'action'
[06:16:32][WARN ](DispatcherServlet.java:1205) - No mapping found for HTTP request with URI [/baraonda/js/superfish.js] in DispatcherServlet with name 'action'
[06:16:32][WARN ](DispatcherServlet.java:1205) - No mapping found for HTTP request with URI [/baraonda/js/jquery.easing.1.3.js] in DispatcherServlet with name 'action'
[06:16:32][WARN ](DispatcherServlet.java:1205) - No mapping found for HTTP request with URI [/baraonda/js/jquery.ui.totop.js] in DispatcherServlet with name 'action'
[06:16:32][WARN ](DispatcherServlet.java:1205) - No mapping found for HTTP request with URI [/baraonda/js/tmStickUp.js] in DispatcherServlet with name 'action'
[06:16:32][WARN ](DispatcherServlet.java:1205) - No mapping found for HTTP request with URI [/baraonda/js/touchTouch.jquery.js] in DispatcherServlet with name 'action'
[06:16:32][WARN ](DispatcherServlet.java:1205) - No mapping found for HTTP request with URI [/baraonda/js/jquery-migrate-1.1.1.js] in DispatcherServlet with name 'action'
[06:16:32][WARN ](DispatcherServlet.java:1205) - No mapping found for HTTP request with URI [/baraonda/js/script.js] in DispatcherServlet with name 'action'
[06:16:32][WARN ](DispatcherServlet.java:1205) - No mapping found for HTTP request with URI [/baraonda/js/superfish.js] in DispatcherServlet with name 'action'
[06:16:32][WARN ](DispatcherServlet.java:1205) - No mapping found for HTTP request with URI [/baraonda/js/jquery.equalheights.js] in DispatcherServlet with name 'action'
[06:16:32][WARN ](DispatcherServlet.java:1205) - No mapping found for HTTP request with URI [/baraonda/js/jquery.mobilemenu.js] in DispatcherServlet with name 'action'
[06:16:32][WARN ](DispatcherServlet.java:1205) - No mapping found for HTTP request with URI [/baraonda/js/jquery.easing.1.3.js] in DispatcherServlet with name 'action'
[06:16:32][WARN ](DispatcherServlet.java:1205) - No mapping found for HTTP request with URI [/baraonda/js/tmStickUp.js] in DispatcherServlet with name 'action'
[06:16:32][WARN ](DispatcherServlet.java:1205) - No mapping found for HTTP request with URI [/baraonda/js/jquery.ui.totop.js] in DispatcherServlet with name 'action'
[06:16:32][WARN ](DispatcherServlet.java:1205) - No mapping found for HTTP request with URI [/baraonda/js/touchTouch.jquery.js] in DispatcherServlet with name 'action'
